{
  "kind": "multi_profile_aggregate_report",
  "profile_axis": "late_repair_after_s",
  "profiles": {
    "repair60": {
      "aggregate_report": {
        "blocked": {
          "activation_opp_seen": 44,
          "cooldown": 272,
          "l1_pair_ask_gt_cap": 147,
          "late_repair_only": 420,
          "offset": 2500,
          "pairing_only_when_residual": 101,
          "price": 57,
          "qty_zero": 58
        },
        "kind": "aggregate_report",
        "metrics": {
          "cancelled_orders": 15.0,
          "candidates": 69.0,
          "completion_cost": 3.75,
          "completion_per_fill": 0.46296296296296297,
          "fill_rate": 0.782608695652174,
          "fill_wait_p50_ms": 350962.0,
          "fill_wait_p90_ms": 685907.0,
          "fill_wait_proxy_p50_ms": 45666.0,
          "fill_wait_proxy_p90_ms": 77757.0,
          "filled_cost": 29.8375,
          "filled_qty": 67.5,
          "material_residual_lots": 0.0,
          "net_pair_cost_proxy_p50": 0.9408000000000001,
          "net_pair_cost_proxy_p90": 1.0299999999999998,
          "pair_actions": 25.0,
          "pair_cost_proxy_p50": 0.94,
          "pair_cost_proxy_p90": 1.0299999999999998,
          "pair_pnl": 2.01225,
          "pair_qty": 31.25,
          "pair_wait_p50_ms": 344611.0,
          "pair_wait_p90_ms": 475092.0,
          "pair_wait_proxy_p50_ms": 30014.0,
          "pair_wait_proxy_p90_ms": 73514.0,
          "qty_pair_share_of_filled": 0.9259259259259259,
          "queue_supported_fills": 54.0,
          "residual_cost": 4.6,
          "residual_qty": 15.0,
          "roi_on_filled_cost": 0.06744030163385004,
          "roi_on_seed_cost": 0.05108854331958109,
          "salvage_actions": 8.0,
          "salvage_wait_p50_ms": 233769.0,
          "salvage_wait_p90_ms": 236555.0,
          "seed_cost": 39.3875,
          "seed_qty": 86.25,
          "taker_fee": 0.25025,
          "touch_only_orders": 15.0
        },
        "script": "xuan_dplus_passive_passive_shadow_runner.py",
        "slugs": 26,
        "top_residual_lots": [
          {
            "age_ms": 2229181,
            "cost": 0.5875,
            "lot_id": 1,
            "px": 0.47000000000000003,
            "qty": 1.25,
            "quote_intent_id": "btc-updown-5m-1779234600:quote:2",
            "side": "YES",
            "slug": "btc-updown-5m-1779234600",
            "source_order_id": 2
          },
          {
            "age_ms": 2229181,
            "cost": 0.575,
            "lot_id": 2,
            "px": 0.46,
            "qty": 1.25,
            "quote_intent_id": "btc-updown-5m-1779234600:quote:3",
            "side": "YES",
            "slug": "btc-updown-5m-1779234600",
            "source_order_id": 3
          },
          {
            "age_ms": 992321,
            "cost": 0.5375,
            "lot_id": 3,
            "px": 0.43,
            "qty": 1.25,
            "quote_intent_id": "btc-updown-5m-1779235800:quote:1",
            "side": "YES",
            "slug": "btc-updown-5m-1779235800",
            "source_order_id": 1
          },
          {
            "age_ms": 992321,
            "cost": 0.5375,
            "lot_id": 4,
            "px": 0.43,
            "qty": 1.25,
            "quote_intent_id": "btc-updown-5m-1779235800:quote:5",
            "side": "YES",
            "slug": "btc-updown-5m-1779235800",
            "source_order_id": 5
          },
          {
            "age_ms": 2464356,
            "cost": 0.4125,
            "lot_id": 2,
            "px": 0.33,
            "qty": 1.25,
            "quote_intent_id": "btc-updown-5m-1779234300:quote:5",
            "side": "YES",
            "slug": "btc-updown-5m-1779234300",
            "source_order_id": 5
          },
          {
            "age_ms": 1860339,
            "cost": 0.3875,
            "lot_id": 4,
            "px": 0.31,
            "qty": 1.25,
            "quote_intent_id": "btc-updown-5m-1779234900:quote:4",
            "side": "YES",
            "slug": "btc-updown-5m-1779234900",
            "source_order_id": 4
          },
          {
            "age_ms": 1325823,
            "cost": 0.3875,
            "lot_id": 3,
            "px": 0.31,
            "qty": 1.25,
            "quote_intent_id": "btc-updown-5m-1779235500:quote:4",
            "side": "YES",
            "slug": "btc-updown-5m-1779235500",
            "source_order_id": 4
          },
          {
            "age_ms": 1321033,
            "cost": 0.325,
            "lot_id": 4,
            "px": 0.26,
            "qty": 1.25,
            "quote_intent_id": "btc-updown-5m-1779235500:quote:5",
            "side": "YES",
            "slug": "btc-updown-5m-1779235500",
            "source_order_id": 5
          },
          {
            "age_ms": 3044215,
            "cost": 0.25,
            "lot_id": 4,
            "px": 0.2,
            "qty": 1.25,
            "quote_intent_id": "btc-updown-5m-1779233700:quote:3",
            "side": "YES",
            "slug": "btc-updown-5m-1779233700",
            "source_order_id": 3
          },
          {
            "age_ms": 2460315,
            "cost": 0.25,
            "lot_id": 3,
            "px": 0.2,
            "qty": 1.25,
            "quote_intent_id": "btc-updown-5m-1779234300:quote:2",
            "side": "YES",
            "slug": "btc-updown-5m-1779234300",
            "source_order_id": 2
          },
          {
            "age_ms": 2460315,
            "cost": 0.25,
            "lot_id": 4,
            "px": 0.2,
            "qty": 1.25,
            "quote_intent_id": "btc-updown-5m-1779234300:quote:3",
            "side": "YES",
            "slug": "btc-updown-5m-1779234300",
            "source_order_id": 3
          },
          {
            "age_ms": 1301816,
            "cost": 0.1,
            "lot_id": 5,
            "px": 0.07999999999999999,
            "qty": 1.25,
            "quote_intent_id": "btc-updown-5m-1779235500:quote:7",
            "side": "YES",
            "slug": "btc-updown-5m-1779235500",
            "source_order_id": 7
          }
        ]
      },
      "config": {
        "activation_mode": "opp_seen",
        "activation_window_s": 15.0,
        "cooldown_ms": 5000,
        "dust_qty": 1.0,
        "edge": 0.07,
        "fill_haircut": 0.25,
        "imbalance_cost_cap": 1000000000.0,
        "imbalance_qty_cap": 1.25,
        "late_repair_after_s": 60.0,
        "late_target_after_s": null,
        "late_target_qty": null,
        "max_open_cost": 80.0,
        "max_salvage_qty": 250.0,
        "max_seed_qty": 60.0,
        "order_ttl_ms": 120000,
        "pairing_only_when_residual": true,
        "queue_share": 0.5,
        "salvage_age_ms": 30000,
        "salvage_min_lot_cost": 0.25,
        "salvage_net_cap": 0.95,
        "seed_l1_cap": 1.02,
        "seed_offset_max_s": 120.0,
        "seed_offset_min_s": 0.0,
        "seed_px_hi": 0.9,
        "seed_px_lo": 0.05,
        "taker_fee_rate": 0.07,
        "target_qty": 5.0
      },
      "output_dir": "/srv/pm_as_ofi/xuan_research_runs/xuan_research_dplus_shadow_sample_scale_multprofile_repair6075_edge007_20260519T232703Z/output/repair60"
    },
    "repair75": {
      "aggregate_report": {
        "blocked": {
          "activation_opp_seen": 44,
          "cooldown": 314,
          "l1_pair_ask_gt_cap": 147,
          "late_repair_only": 339,
          "offset": 2500,
          "pairing_only_when_residual": 115,
          "price": 57,
          "qty_zero": 65
        },
        "kind": "aggregate_report",
        "metrics": {
          "cancelled_orders": 20.0,
          "candidates": 87.0,
          "completion_cost": 4.1,
          "completion_per_fill": 0.43283582089552236,
          "fill_rate": 0.7701149425287356,
          "fill_wait_p50_ms": 354330.0,
          "fill_wait_p90_ms": 655487.0,
          "fill_wait_proxy_p50_ms": 45666.0,
          "fill_wait_proxy_p90_ms": 73741.0,
          "filled_cost": 36.0875,
          "filled_qty": 83.75,
          "material_residual_lots": 0.0,
          "net_pair_cost_proxy_p50": 0.95,
          "net_pair_cost_proxy_p90": 1.0899999999999999,
          "pair_actions": 29.0,
          "pair_cost_proxy_p50": 0.95,
          "pair_cost_proxy_p90": 1.0899999999999999,
          "pair_pnl": 2.0875,
          "pair_qty": 36.25,
          "pair_wait_p50_ms": 373423.0,
          "pair_wait_p90_ms": 523696.0,
          "pair_wait_proxy_p50_ms": 34824.0,
          "pair_wait_proxy_p90_ms": 73514.0,
          "qty_pair_share_of_filled": 0.8656716417910447,
          "queue_supported_fills": 67.0,
          "residual_cost": 6.2875,
          "residual_qty": 21.25,
          "roi_on_filled_cost": 0.05784551437478351,
          "roi_on_seed_cost": 0.042710997442455254,
          "salvage_actions": 8.0,
          "salvage_wait_p50_ms": 212146.0,
          "salvage_wait_p90_ms": 212692.0,
          "seed_cost": 48.875,
          "seed_qty": 108.75,
          "taker_fee": 0.2625,
          "touch_only_orders": 20.0
        },
        "script": "xuan_dplus_passive_passive_shadow_runner.py",
        "slugs": 26,
        "top_residual_lots": [
          {
            "age_ms": 387859,
            "cost": 0.725,
            "lot_id": 3,
            "px": 0.5800000000000001,
            "qty": 1.25,
            "quote_intent_id": "btc-updown-5m-1779236400:quote:3",
            "side": "YES",
            "slug": "btc-updown-5m-1779236400",
            "source_order_id": 3
          },
          {
            "age_ms": 2229181,
            "cost": 0.575,
            "lot_id": 2,
            "px": 0.46,
            "qty": 1.25,
            "quote_intent_id": "btc-updown-5m-1779234600:quote:3",
            "side": "YES",
            "slug": "btc-updown-5m-1779234600",
            "source_order_id": 3
          },
          {
            "age_ms": 992322,
            "cost": 0.5375,
            "lot_id": 3,
            "px": 0.43,
            "qty": 1.25,
            "quote_intent_id": "btc-updown-5m-1779235800:quote:1",
            "side": "YES",
            "slug": "btc-updown-5m-1779235800",
            "source_order_id": 1
          },
          {
            "age_ms": 992322,
            "cost": 0.5375,
            "lot_id": 4,
            "px": 0.43,
            "qty": 1.25,
            "quote_intent_id": "btc-updown-5m-1779235800:quote:5",
            "side": "YES",
            "slug": "btc-updown-5m-1779235800",
            "source_order_id": 5
          },
          {
            "age_ms": 2183136,
            "cost": 0.425,
            "lot_id": 4,
            "px": 0.33999999999999997,
            "qty": 1.25,
            "quote_intent_id": "btc-updown-5m-1779234600:quote:6",
            "side": "YES",
            "slug": "btc-updown-5m-1779234600",
            "source_order_id": 6
          },
          {
            "age_ms": 2464356,
            "cost": 0.4125,
            "lot_id": 2,
            "px": 0.33,
            "qty": 1.25,
            "quote_intent_id": "btc-updown-5m-1779234300:quote:5",
            "side": "YES",
            "slug": "btc-updown-5m-1779234300",
            "source_order_id": 5
          },
          {
            "age_ms": 1540563,
            "cost": 0.4,
            "lot_id": 10,
            "px": 0.32,
            "qty": 1.25,
            "quote_intent_id": "btc-updown-5m-1779235200:quote:4",
            "side": "NO",
            "slug": "btc-updown-5m-1779235200",
            "source_order_id": 4
          },
          {
            "age_ms": 989947,
            "cost": 0.4,
            "lot_id": 5,
            "px": 0.32,
            "qty": 1.25,
            "quote_intent_id": "btc-updown-5m-1779235800:quote:8",
            "side": "YES",
            "slug": "btc-updown-5m-1779235800",
            "source_order_id": 8
          },
          {
            "age_ms": 1860339,
            "cost": 0.3875,
            "lot_id": 4,
            "px": 0.31,
            "qty": 1.25,
            "quote_intent_id": "btc-updown-5m-1779234900:quote:4",
            "side": "YES",
            "slug": "btc-updown-5m-1779234900",
            "source_order_id": 4
          },
          {
            "age_ms": 1325823,
            "cost": 0.3875,
            "lot_id": 3,
            "px": 0.31,
            "qty": 1.25,
            "quote_intent_id": "btc-updown-5m-1779235500:quote:4",
            "side": "YES",
            "slug": "btc-updown-5m-1779235500",
            "source_order_id": 4
          },
          {
            "age_ms": 1321033,
            "cost": 0.325,
            "lot_id": 4,
            "px": 0.26,
            "qty": 1.25,
            "quote_intent_id": "btc-updown-5m-1779235500:quote:5",
            "side": "YES",
            "slug": "btc-updown-5m-1779235500",
            "source_order_id": 5
          },
          {
            "age_ms": 1856385,
            "cost": 0.3125,
            "lot_id": 5,
            "px": 0.25,
            "qty": 1.25,
            "quote_intent_id": "btc-updown-5m-1779234900:quote:6",
            "side": "YES",
            "slug": "btc-updown-5m-1779234900",
            "source_order_id": 6
          },
          {
            "age_ms": 3044215,
            "cost": 0.25,
            "lot_id": 5,
            "px": 0.2,
            "qty": 1.25,
            "quote_intent_id": "btc-updown-5m-1779233700:quote:3",
            "side": "YES",
            "slug": "btc-updown-5m-1779233700",
            "source_order_id": 3
          },
          {
            "age_ms": 2460315,
            "cost": 0.25,
            "lot_id": 3,
            "px": 0.2,
            "qty": 1.25,
            "quote_intent_id": "btc-updown-5m-1779234300:quote:2",
            "side": "YES",
            "slug": "btc-updown-5m-1779234300",
            "source_order_id": 2
          },
          {
            "age_ms": 2460315,
            "cost": 0.25,
            "lot_id": 4,
            "px": 0.2,
            "qty": 1.25,
            "quote_intent_id": "btc-updown-5m-1779234300:quote:3",
            "side": "YES",
            "slug": "btc-updown-5m-1779234300",
            "source_order_id": 3
          },
          {
            "age_ms": 1301816,
            "cost": 0.1,
            "lot_id": 5,
            "px": 0.07999999999999999,
            "qty": 1.25,
            "quote_intent_id": "btc-updown-5m-1779235500:quote:7",
            "side": "YES",
            "slug": "btc-updown-5m-1779235500",
            "source_order_id": 7
          },
          {
            "age_ms": 1222423,
            "cost": 0.0125,
            "lot_id": 6,
            "px": 0.01,
            "qty": 1.25,
            "quote_intent_id": "btc-updown-5m-1779235500:quote:9",
            "side": "YES",
            "slug": "btc-updown-5m-1779235500",
            "source_order_id": 9
          }
        ]
      },
      "config": {
        "activation_mode": "opp_seen",
        "activation_window_s": 15.0,
        "cooldown_ms": 5000,
        "dust_qty": 1.0,
        "edge": 0.07,
        "fill_haircut": 0.25,
        "imbalance_cost_cap": 1000000000.0,
        "imbalance_qty_cap": 1.25,
        "late_repair_after_s": 75.0,
        "late_target_after_s": null,
        "late_target_qty": null,
        "max_open_cost": 80.0,
        "max_salvage_qty": 250.0,
        "max_seed_qty": 60.0,
        "order_ttl_ms": 120000,
        "pairing_only_when_residual": true,
        "queue_share": 0.5,
        "salvage_age_ms": 30000,
        "salvage_min_lot_cost": 0.25,
        "salvage_net_cap": 0.95,
        "seed_l1_cap": 1.02,
        "seed_offset_max_s": 120.0,
        "seed_offset_min_s": 0.0,
        "seed_px_hi": 0.9,
        "seed_px_lo": 0.05,
        "taker_fee_rate": 0.07,
        "target_qty": 5.0
      },
      "output_dir": "/srv/pm_as_ofi/xuan_research_runs/xuan_research_dplus_shadow_sample_scale_multprofile_repair6075_edge007_20260519T232703Z/output/repair75"
    }
  },
  "safety": {
    "broker_modified": false,
    "cancels_sent": false,
    "orders_sent": false,
    "redeems_sent": false,
    "service_control_used": false,
    "shared_ingress_modified": false
  },
  "script": "xuan_dplus_passive_passive_shadow_runner.py"
}
