{
  "kind": "multi_profile_aggregate_report",
  "profile_axis": "late_repair_after_s",
  "profiles": {
    "repair45": {
      "aggregate_report": {
        "blocked": {
          "activation_opp_seen": 8,
          "cooldown": 67,
          "l1_pair_ask_gt_cap": 28,
          "late_repair_only": 262,
          "offset": 1741,
          "pairing_only_when_residual": 8,
          "qty_zero": 5
        },
        "kind": "aggregate_report",
        "metrics": {
          "cancelled_orders": 6.0,
          "candidates": 25.0,
          "completion_cost": 2.225,
          "completion_per_fill": 0.5789473684210527,
          "fill_rate": 0.76,
          "fill_wait_p50_ms": 81928.0,
          "fill_wait_p90_ms": 219406.0,
          "fill_wait_proxy_p50_ms": 22764.0,
          "fill_wait_proxy_p90_ms": 40497.0,
          "filled_cost": 10.875,
          "filled_qty": 23.75,
          "material_residual_lots": 0.0,
          "net_pair_cost_proxy_p50": 0.9180000000000001,
          "net_pair_cost_proxy_p90": 0.97,
          "pair_actions": 11.0,
          "pair_cost_proxy_p50": 0.9099999999999999,
          "pair_cost_proxy_p90": 0.97,
          "pair_pnl": 1.1155,
          "pair_qty": 13.75,
          "pair_wait_p50_ms": 264619.0,
          "pair_wait_p90_ms": 289672.0,
          "pair_wait_proxy_p50_ms": 29205.0,
          "pair_wait_proxy_p90_ms": 154150.0,
          "qty_pair_share_of_filled": 1.1578947368421053,
          "queue_supported_fills": 19.0,
          "residual_cost": 0.6125,
          "residual_qty": 1.25,
          "roi_on_filled_cost": 0.10257471264367815,
          "roi_on_seed_cost": 0.08310672378468989,
          "salvage_actions": 4.0,
          "salvage_wait_p50_ms": 195874.0,
          "salvage_wait_p90_ms": 215958.0,
          "seed_cost": 13.4225,
          "seed_qty": 31.09,
          "taker_fee": 0.147,
          "touch_only_orders": 6.0
        },
        "script": "xuan_dplus_passive_passive_shadow_runner.py",
        "slugs": 12,
        "top_residual_lots": [
          {
            "age_ms": 974272,
            "cost": 0.6125,
            "lot_id": 3,
            "px": 0.49000000000000005,
            "qty": 1.25,
            "quote_intent_id": "btc-updown-5m-1779231300:quote:4",
            "side": "YES",
            "slug": "btc-updown-5m-1779231300",
            "source_order_id": 4
          }
        ]
      },
      "config": {
        "activation_mode": "opp_seen",
        "activation_window_s": 15.0,
        "cooldown_ms": 5000,
        "dust_qty": 1.0,
        "edge": 0.07,
        "fill_haircut": 0.25,
        "imbalance_cost_cap": 1000000000.0,
        "imbalance_qty_cap": 1.25,
        "late_repair_after_s": 45.0,
        "late_target_after_s": null,
        "late_target_qty": null,
        "max_open_cost": 80.0,
        "max_salvage_qty": 250.0,
        "max_seed_qty": 60.0,
        "order_ttl_ms": 120000,
        "pairing_only_when_residual": true,
        "queue_share": 0.5,
        "salvage_age_ms": 30000,
        "salvage_min_lot_cost": 0.25,
        "salvage_net_cap": 0.95,
        "seed_l1_cap": 1.02,
        "seed_offset_max_s": 120.0,
        "seed_offset_min_s": 0.0,
        "seed_px_hi": 0.9,
        "seed_px_lo": 0.05,
        "taker_fee_rate": 0.07,
        "target_qty": 5.0
      },
      "output_dir": "/srv/pm_as_ofi/xuan_research_runs/xuan_research_dplus_shadow_multprofile_repair456075_edge007_20260519T224043Z/output/repair45"
    },
    "repair60": {
      "aggregate_report": {
        "blocked": {
          "activation_opp_seen": 9,
          "cooldown": 86,
          "l1_pair_ask_gt_cap": 28,
          "late_repair_only": 225,
          "offset": 1741,
          "pairing_only_when_residual": 14,
          "qty_zero": 8
        },
        "kind": "aggregate_report",
        "metrics": {
          "cancelled_orders": 7.0,
          "candidates": 33.0,
          "completion_cost": 3.395575,
          "completion_per_fill": 0.5769230769230769,
          "fill_rate": 0.7878787878787878,
          "fill_wait_p50_ms": 100502.0,
          "fill_wait_p90_ms": 370488.0,
          "fill_wait_proxy_p50_ms": 25805.0,
          "fill_wait_proxy_p90_ms": 93986.0,
          "filled_cost": 14.460025,
          "filled_qty": 32.4925,
          "material_residual_lots": 0.0,
          "net_pair_cost_proxy_p50": 0.9199999999999999,
          "net_pair_cost_proxy_p90": 0.97,
          "pair_actions": 15.0,
          "pair_cost_proxy_p50": 0.9199999999999999,
          "pair_cost_proxy_p90": 0.97,
          "pair_pnl": 1.473615,
          "pair_qty": 18.7425,
          "pair_wait_p50_ms": 317197.0,
          "pair_wait_p90_ms": 354112.0,
          "pair_wait_proxy_p50_ms": 32494.0,
          "pair_wait_proxy_p90_ms": 174234.0,
          "qty_pair_share_of_filled": 1.153650842502116,
          "queue_supported_fills": 26.0,
          "residual_cost": 0.8,
          "residual_qty": 2.5,
          "roi_on_filled_cost": 0.1019095748451334,
          "roi_on_seed_cost": 0.08223286518852514,
          "salvage_actions": 6.0,
          "salvage_wait_p50_ms": 248452.0,
          "salvage_wait_p90_ms": 280398.0,
          "seed_cost": 17.920025,
          "seed_qty": 41.0825,
          "taker_fee": 0.213285,
          "touch_only_orders": 7.0
        },
        "script": "xuan_dplus_passive_passive_shadow_runner.py",
        "slugs": 12,
        "top_residual_lots": [
          {
            "age_ms": 974272,
            "cost": 0.6125,
            "lot_id": 3,
            "px": 0.49000000000000005,
            "qty": 1.25,
            "quote_intent_id": "btc-updown-5m-1779231300:quote:4",
            "side": "YES",
            "slug": "btc-updown-5m-1779231300",
            "source_order_id": 4
          },
          {
            "age_ms": 21446,
            "cost": 0.1875,
            "lot_id": 3,
            "px": 0.15,
            "qty": 1.25,
            "quote_intent_id": "btc-updown-5m-1779232200:quote:3",
            "side": "NO",
            "slug": "btc-updown-5m-1779232200",
            "source_order_id": 3
          }
        ]
      },
      "config": {
        "activation_mode": "opp_seen",
        "activation_window_s": 15.0,
        "cooldown_ms": 5000,
        "dust_qty": 1.0,
        "edge": 0.07,
        "fill_haircut": 0.25,
        "imbalance_cost_cap": 1000000000.0,
        "imbalance_qty_cap": 1.25,
        "late_repair_after_s": 60.0,
        "late_target_after_s": null,
        "late_target_qty": null,
        "max_open_cost": 80.0,
        "max_salvage_qty": 250.0,
        "max_seed_qty": 60.0,
        "order_ttl_ms": 120000,
        "pairing_only_when_residual": true,
        "queue_share": 0.5,
        "salvage_age_ms": 30000,
        "salvage_min_lot_cost": 0.25,
        "salvage_net_cap": 0.95,
        "seed_l1_cap": 1.02,
        "seed_offset_max_s": 120.0,
        "seed_offset_min_s": 0.0,
        "seed_px_hi": 0.9,
        "seed_px_lo": 0.05,
        "taker_fee_rate": 0.07,
        "target_qty": 5.0
      },
      "output_dir": "/srv/pm_as_ofi/xuan_research_runs/xuan_research_dplus_shadow_multprofile_repair456075_edge007_20260519T224043Z/output/repair60"
    },
    "repair75": {
      "aggregate_report": {
        "blocked": {
          "activation_opp_seen": 11,
          "cooldown": 96,
          "l1_pair_ask_gt_cap": 28,
          "late_repair_only": 203,
          "offset": 1741,
          "pairing_only_when_residual": 15,
          "qty_zero": 13
        },
        "kind": "aggregate_report",
        "metrics": {
          "cancelled_orders": 8.0,
          "candidates": 37.0,
          "completion_cost": 3.895575,
          "completion_per_fill": 0.5862068965517241,
          "fill_rate": 0.7837837837837838,
          "fill_wait_p50_ms": 100502.0,
          "fill_wait_p90_ms": 328281.0,
          "fill_wait_proxy_p50_ms": 34831.0,
          "fill_wait_proxy_p90_ms": 64722.0,
          "filled_cost": 16.072525,
          "filled_qty": 36.2425,
          "material_residual_lots": 0.0,
          "net_pair_cost_proxy_p50": 0.9199999999999999,
          "net_pair_cost_proxy_p90": 0.97,
          "pair_actions": 17.0,
          "pair_cost_proxy_p50": 0.9199999999999999,
          "pair_cost_proxy_p90": 0.97,
          "pair_pnl": 1.751115,
          "pair_qty": 21.2425,
          "pair_wait_p50_ms": 259011.0,
          "pair_wait_p90_ms": 354112.0,
          "pair_wait_proxy_p50_ms": 32494.0,
          "pair_wait_proxy_p90_ms": 118187.0,
          "qty_pair_share_of_filled": 1.1722425329378492,
          "queue_supported_fills": 29.0,
          "residual_cost": 0.725,
          "residual_qty": 2.5,
          "roi_on_filled_cost": 0.10895083379867196,
          "roi_on_seed_cost": 0.0875228195391484,
          "salvage_actions": 7.0,
          "salvage_wait_p50_ms": 248452.0,
          "salvage_wait_p90_ms": 280398.0,
          "seed_cost": 20.007525,
          "seed_qty": 46.0825,
          "taker_fee": 0.248285,
          "touch_only_orders": 8.0
        },
        "script": "xuan_dplus_passive_passive_shadow_runner.py",
        "slugs": 12,
        "top_residual_lots": [
          {
            "age_ms": 943569,
            "cost": 0.5375,
            "lot_id": 5,
            "px": 0.43,
            "qty": 1.25,
            "quote_intent_id": "btc-updown-5m-1779231300:quote:5",
            "side": "YES",
            "slug": "btc-updown-5m-1779231300",
            "source_order_id": 5
          },
          {
            "age_ms": 21446,
            "cost": 0.1875,
            "lot_id": 3,
            "px": 0.15,
            "qty": 1.25,
            "quote_intent_id": "btc-updown-5m-1779232200:quote:3",
            "side": "NO",
            "slug": "btc-updown-5m-1779232200",
            "source_order_id": 3
          }
        ]
      },
      "config": {
        "activation_mode": "opp_seen",
        "activation_window_s": 15.0,
        "cooldown_ms": 5000,
        "dust_qty": 1.0,
        "edge": 0.07,
        "fill_haircut": 0.25,
        "imbalance_cost_cap": 1000000000.0,
        "imbalance_qty_cap": 1.25,
        "late_repair_after_s": 75.0,
        "late_target_after_s": null,
        "late_target_qty": null,
        "max_open_cost": 80.0,
        "max_salvage_qty": 250.0,
        "max_seed_qty": 60.0,
        "order_ttl_ms": 120000,
        "pairing_only_when_residual": true,
        "queue_share": 0.5,
        "salvage_age_ms": 30000,
        "salvage_min_lot_cost": 0.25,
        "salvage_net_cap": 0.95,
        "seed_l1_cap": 1.02,
        "seed_offset_max_s": 120.0,
        "seed_offset_min_s": 0.0,
        "seed_px_hi": 0.9,
        "seed_px_lo": 0.05,
        "taker_fee_rate": 0.07,
        "target_qty": 5.0
      },
      "output_dir": "/srv/pm_as_ofi/xuan_research_runs/xuan_research_dplus_shadow_multprofile_repair456075_edge007_20260519T224043Z/output/repair75"
    }
  },
  "safety": {
    "broker_modified": false,
    "cancels_sent": false,
    "orders_sent": false,
    "redeems_sent": false,
    "service_control_used": false,
    "shared_ingress_modified": false
  },
  "script": "xuan_dplus_passive_passive_shadow_runner.py"
}
