{
  "blocked": {
    "cooldown": 760,
    "l1_pair_ask_gt_cap": 167,
    "offset": 1734,
    "pairing_only_when_residual": 63,
    "qty_zero": 84,
    "target": 100
  },
  "kind": "aggregate_report",
  "metrics": {
    "cancelled_orders": 16.0,
    "candidates": 89.0,
    "completion_cost": 0.0,
    "completion_per_fill": 0.4794520547945205,
    "fill_rate": 0.8202247191011236,
    "fill_wait_p50_ms": 74468.0,
    "fill_wait_p90_ms": 336627.0,
    "fill_wait_proxy_p50_ms": 11973.0,
    "fill_wait_proxy_p90_ms": 76057.0,
    "filled_cost": 40.696075,
    "filled_qty": 90.1375,
    "material_residual_lots": 0.0,
    "net_pair_cost_proxy_p50": 1.0499999999999998,
    "net_pair_cost_proxy_p90": 1.1799999999999997,
    "pair_actions": 35.0,
    "pair_cost_proxy_p50": 1.0499999999999998,
    "pair_cost_proxy_p90": 1.1799999999999997,
    "pair_pnl": 0.018225,
    "pair_qty": 35.925,
    "pair_wait_p50_ms": 189482.0,
    "pair_wait_p90_ms": 293271.0,
    "pair_wait_proxy_p50_ms": 46707.0,
    "pair_wait_proxy_p90_ms": 67729.0,
    "qty_pair_share_of_filled": 0.7971155179586742,
    "queue_supported_fills": 73.0,
    "residual_cost": 4.7893,
    "residual_qty": 18.2875,
    "roi_on_filled_cost": 0.0004478318855073874,
    "roi_on_seed_cost": 0.00036220668835269576,
    "salvage_actions": 0.0,
    "seed_cost": 50.316575,
    "seed_qty": 109.6825,
    "taker_fee": 0.0,
    "touch_only_orders": 16.0
  },
  "script": "xuan_dplus_passive_passive_shadow_runner.py",
  "slugs": 12,
  "top_residual_lots": [
    {
      "age_ms": 35444,
      "cost": 0.7,
      "lot_id": 1,
      "px": 0.5599999999999999,
      "qty": 1.25,
      "side": "YES",
      "slug": "btc-updown-5m-1779114900",
      "source_order_id": 1
    },
    {
      "age_ms": 252894,
      "cost": 0.4625,
      "lot_id": 6,
      "px": 0.37,
      "qty": 1.25,
      "side": "YES",
      "slug": "btc-updown-5m-1779114600",
      "source_order_id": 9
    },
    {
      "age_ms": 235710,
      "cost": 0.4375,
      "lot_id": 9,
      "px": 0.35000000000000003,
      "qty": 1.25,
      "side": "YES",
      "slug": "btc-updown-5m-1779114600",
      "source_order_id": 7
    },
    {
      "age_ms": 11455,
      "cost": 0.4125,
      "lot_id": 2,
      "px": 0.33,
      "qty": 1.25,
      "side": "YES",
      "slug": "btc-updown-5m-1779114900",
      "source_order_id": 4
    },
    {
      "age_ms": 1428054,
      "cost": 0.3875,
      "lot_id": 11,
      "px": 0.31,
      "qty": 1.25,
      "side": "YES",
      "slug": "btc-updown-5m-1779113400",
      "source_order_id": 6
    },
    {
      "age_ms": 237130,
      "cost": 0.3825,
      "lot_id": 8,
      "px": 0.36,
      "qty": 1.0625,
      "side": "YES",
      "slug": "btc-updown-5m-1779114600",
      "source_order_id": 11
    },
    {
      "age_ms": 1416271,
      "cost": 0.375,
      "lot_id": 12,
      "px": 0.3,
      "qty": 1.25,
      "side": "YES",
      "slug": "btc-updown-5m-1779113400",
      "source_order_id": 2
    },
    {
      "age_ms": 227239,
      "cost": 0.3125,
      "lot_id": 10,
      "px": 0.25,
      "qty": 1.25,
      "side": "YES",
      "slug": "btc-updown-5m-1779114600",
      "source_order_id": 14
    },
    {
      "age_ms": 1380996,
      "cost": 0.2997,
      "lot_id": 13,
      "px": 0.27,
      "qty": 1.11,
      "side": "YES",
      "slug": "btc-updown-5m-1779113400",
      "source_order_id": 15
    },
    {
      "age_ms": 474682,
      "cost": 0.20615,
      "lot_id": 13,
      "px": 0.19,
      "qty": 1.085,
      "side": "NO",
      "slug": "btc-updown-5m-1779114300",
      "source_order_id": 13
    },
    {
      "age_ms": 427828,
      "cost": 0.2,
      "lot_id": 14,
      "px": 0.15999999999999998,
      "qty": 1.25,
      "side": "NO",
      "slug": "btc-updown-5m-1779114300",
      "source_order_id": 16
    },
    {
      "age_ms": 798441,
      "cost": 0.187125,
      "lot_id": 12,
      "px": 0.15000000000000002,
      "qty": 1.2475,
      "side": "NO",
      "slug": "btc-updown-5m-1779114000",
      "source_order_id": 12
    },
    {
      "age_ms": 1160738,
      "cost": 0.161525,
      "lot_id": 6,
      "px": 0.13,
      "qty": 1.2425,
      "side": "NO",
      "slug": "btc-updown-5m-1779113700",
      "source_order_id": 10
    },
    {
      "age_ms": 798441,
      "cost": 0.15,
      "lot_id": 13,
      "px": 0.12000000000000001,
      "qty": 1.25,
      "side": "NO",
      "slug": "btc-updown-5m-1779114000",
      "source_order_id": 13
    },
    {
      "age_ms": 1703895,
      "cost": 0.1,
      "lot_id": 11,
      "px": 0.08,
      "qty": 1.25,
      "side": "YES",
      "slug": "btc-updown-5m-1779113100",
      "source_order_id": 8
    },
    {
      "age_ms": 564758,
      "cost": 0.0148,
      "lot_id": 9,
      "px": 0.37,
      "qty": 0.04,
      "side": "NO",
      "slug": "btc-updown-5m-1779114300",
      "source_order_id": 11
    }
  ]
}
