{
  "blocked": {
    "cooldown": 151,
    "imbalance_qty": 25,
    "l1_pair_ask_gt_cap": 37,
    "offset": 990,
    "qty_zero": 28,
    "target": 91
  },
  "kind": "aggregate_report",
  "metrics": {
    "cancelled_orders": 2.0,
    "candidates": 30.0,
    "completion_cost": 0.78,
    "completion_per_fill": 0.8214285714285714,
    "fill_rate": 0.9333333333333333,
    "fill_wait_p50_ms": 26553.0,
    "fill_wait_p90_ms": 72999.0,
    "fill_wait_proxy_p50_ms": 5758.0,
    "fill_wait_proxy_p90_ms": 22680.0,
    "filled_cost": 22.991575,
    "filled_qty": 48.7825,
    "material_residual_lots": 0.0,
    "net_pair_cost_proxy_p50": 1.0,
    "net_pair_cost_proxy_p90": 1.0699999999999998,
    "pair_actions": 23.0,
    "pair_cost_proxy_p50": 1.0,
    "pair_cost_proxy_p90": 1.0699999999999998,
    "pair_pnl": 1.150475,
    "pair_qty": 23.38,
    "pair_wait_p50_ms": 38015.0,
    "pair_wait_p90_ms": 59614.0,
    "pair_wait_proxy_p50_ms": 26458.0,
    "pair_wait_proxy_p90_ms": 36071.0,
    "qty_pair_share_of_filled": 0.9585404602060165,
    "queue_supported_fills": 28.0,
    "residual_cost": 1.59665,
    "residual_qty": 4.0225,
    "roi_on_filled_cost": 0.050038981670459726,
    "roi_on_seed_cost": 0.04685951919581534,
    "salvage_actions": 1.0,
    "salvage_wait_p50_ms": 30000.0,
    "salvage_wait_p90_ms": 30000.0,
    "seed_cost": 24.551575,
    "seed_qty": 52.7825,
    "taker_fee": 0.0546,
    "touch_only_orders": 2.0
  },
  "script": "xuan_dplus_passive_passive_shadow_runner.py",
  "slugs": 4,
  "top_residual_lots": [
    {
      "age_ms": 1126933,
      "cost": 0.92,
      "lot_id": 1,
      "px": 0.46,
      "qty": 2.0,
      "side": "YES",
      "slug": "btc-updown-5m-1779072600",
      "source_order_id": 2
    },
    {
      "age_ms": 1111905,
      "cost": 0.66,
      "lot_id": 2,
      "px": 0.33,
      "qty": 2.0,
      "side": "YES",
      "slug": "btc-updown-5m-1779072600",
      "source_order_id": 4
    },
    {
      "age_ms": 1648638,
      "cost": 0.01665,
      "lot_id": 11,
      "px": 0.74,
      "qty": 0.0225,
      "side": "NO",
      "slug": "btc-updown-5m-1779072000",
      "source_order_id": 13
    }
  ]
}
