{
  "blocked": {
    "cooldown": 308,
    "l1_pair_ask_gt_cap": 79,
    "offset": 1968,
    "pairing_only_when_residual": 107,
    "price": 11,
    "qty_zero": 22,
    "target": 261
  },
  "kind": "aggregate_report",
  "metrics": {
    "cancelled_orders": 18.0,
    "candidates": 51.0,
    "completion_cost": 0.0,
    "completion_per_fill": 0.45454545454545453,
    "fill_rate": 0.6470588235294118,
    "fill_wait_p50_ms": 80876.0,
    "fill_wait_p90_ms": 264671.0,
    "fill_wait_proxy_p50_ms": 12087.0,
    "fill_wait_proxy_p90_ms": 63885.0,
    "filled_cost": 23.972675,
    "filled_qty": 57.5725,
    "material_residual_lots": 0.0,
    "net_pair_cost_proxy_p50": 1.0499999999999998,
    "net_pair_cost_proxy_p90": 1.09,
    "pair_actions": 15.0,
    "pair_cost_proxy_p50": 1.0499999999999998,
    "pair_cost_proxy_p90": 1.09,
    "pair_pnl": 0.45165,
    "pair_qty": 18.81,
    "pair_wait_p50_ms": 170180.0,
    "pair_wait_p90_ms": 272934.0,
    "pair_wait_proxy_p50_ms": 40959.0,
    "pair_wait_proxy_p90_ms": 106940.0,
    "qty_pair_share_of_filled": 0.6534369707759781,
    "queue_supported_fills": 33.0,
    "residual_cost": 5.614325,
    "residual_qty": 19.9525,
    "roi_on_filled_cost": 0.018840200353110365,
    "roi_on_seed_cost": 0.011235584700051683,
    "salvage_actions": 0.0,
    "seed_cost": 40.198175,
    "seed_qty": 87.235,
    "taker_fee": 0.0,
    "touch_only_orders": 18.0
  },
  "script": "xuan_dplus_passive_passive_shadow_runner.py",
  "slugs": 12,
  "top_residual_lots": [
    {
      "age_ms": 643736,
      "cost": 0.76,
      "lot_id": 1,
      "px": 0.38,
      "qty": 2.0,
      "side": "YES",
      "slug": "btc-updown-5m-1779110100",
      "source_order_id": 1
    },
    {
      "age_ms": 814493,
      "cost": 0.5995,
      "lot_id": 9,
      "px": 0.44,
      "qty": 1.3625,
      "side": "NO",
      "slug": "btc-updown-5m-1779109800",
      "source_order_id": 7
    },
    {
      "age_ms": 342289,
      "cost": 0.5,
      "lot_id": 1,
      "px": 0.4,
      "qty": 1.25,
      "side": "YES",
      "slug": "btc-updown-5m-1779110400",
      "source_order_id": 1
    },
    {
      "age_ms": 1481505,
      "cost": 0.495,
      "lot_id": 5,
      "px": 0.33,
      "qty": 1.5,
      "side": "YES",
      "slug": "btc-updown-5m-1779109200",
      "source_order_id": 9
    },
    {
      "age_ms": 1228477,
      "cost": 0.4845,
      "lot_id": 2,
      "px": 0.38,
      "qty": 1.275,
      "side": "YES",
      "slug": "btc-updown-5m-1779109500",
      "source_order_id": 3
    },
    {
      "age_ms": 57283,
      "cost": 0.46,
      "lot_id": 1,
      "px": 0.23000000000000004,
      "qty": 2.0,
      "side": "YES",
      "slug": "btc-updown-5m-1779110700",
      "source_order_id": 1
    },
    {
      "age_ms": 1216482,
      "cost": 0.4369,
      "lot_id": 3,
      "px": 0.34,
      "qty": 1.285,
      "side": "YES",
      "slug": "btc-updown-5m-1779109500",
      "source_order_id": 5
    },
    {
      "age_ms": 1480635,
      "cost": 0.42,
      "lot_id": 7,
      "px": 0.21000000000000002,
      "qty": 2.0,
      "side": "YES",
      "slug": "btc-updown-5m-1779109200",
      "source_order_id": 6
    },
    {
      "age_ms": 293098,
      "cost": 0.3978,
      "lot_id": 3,
      "px": 0.26,
      "qty": 1.53,
      "side": "YES",
      "slug": "btc-updown-5m-1779110400",
      "source_order_id": 5
    },
    {
      "age_ms": 297564,
      "cost": 0.375,
      "lot_id": 2,
      "px": 0.3,
      "qty": 1.25,
      "side": "YES",
      "slug": "btc-updown-5m-1779110400",
      "source_order_id": 3
    },
    {
      "age_ms": 1481397,
      "cost": 0.3125,
      "lot_id": 6,
      "px": 0.25,
      "qty": 1.25,
      "side": "YES",
      "slug": "btc-updown-5m-1779109200",
      "source_order_id": 8
    },
    {
      "age_ms": 595403,
      "cost": 0.151875,
      "lot_id": 3,
      "px": 0.09000000000000001,
      "qty": 1.6875,
      "side": "YES",
      "slug": "btc-updown-5m-1779110100",
      "source_order_id": 5
    },
    {
      "age_ms": 595403,
      "cost": 0.13125,
      "lot_id": 2,
      "px": 0.09999999999999999,
      "qty": 1.3125,
      "side": "YES",
      "slug": "btc-updown-5m-1779110100",
      "source_order_id": 3
    },
    {
      "age_ms": 1536192,
      "cost": 0.09,
      "lot_id": 2,
      "px": 0.36,
      "qty": 0.25,
      "side": "YES",
      "slug": "btc-updown-5m-1779109200",
      "source_order_id": 1
    }
  ]
}
