REMOTE_SHADOW_RUN_STARTED 2026-05-18T15:53:46Z user=pmofi remote_base=/srv/pm_as_ofi/xuan_research_runs/xuan_research_dplus_shadow_hard_cutoff90_20260518T155346Z
hypothesis=target_qty=5 with hard seed_offset_max_s=90 and imbalance_qty_cap=1.25 preserves enough early samples while cutting late residual/cost tail versus static 120s cap=1.25
repo_path=/srv/pm_as_ofi/repo
shared_ingress_root=/srv/pm_as_ofi/shared-ingress-main
argv=/usr/bin/python3 runner --round-offsets 0..11 --duration-s 1800 --edge 0.05 --target-qty 5 --seed-offset-max-s 90 --imbalance-qty-cap 1.25 --pairing-only-when-residual
REMOTE_SHADOW_DETACHED_PID_RECOVERED 2026-05-18T15:54:48Z pid=980928
REMOTE_SHADOW_STILL_RUNNING pid=980928 poll=1 utc=15:54:52Z
REMOTE_SHADOW_STILL_RUNNING pid=980928 poll=2 utc=15:55:55Z
REMOTE_SHADOW_STILL_RUNNING pid=980928 poll=3 utc=15:56:59Z
REMOTE_SHADOW_STILL_RUNNING pid=980928 poll=4 utc=15:58:03Z
REMOTE_SHADOW_STILL_RUNNING pid=980928 poll=5 utc=15:59:06Z
REMOTE_SHADOW_STILL_RUNNING pid=980928 poll=6 utc=16:00:10Z
REMOTE_SHADOW_STILL_RUNNING pid=980928 poll=7 utc=16:01:14Z
REMOTE_SHADOW_STILL_RUNNING pid=980928 poll=8 utc=16:02:17Z
REMOTE_SHADOW_STILL_RUNNING pid=980928 poll=9 utc=16:03:21Z
REMOTE_SHADOW_STILL_RUNNING pid=980928 poll=10 utc=16:04:24Z
REMOTE_SHADOW_STILL_RUNNING pid=980928 poll=11 utc=16:05:28Z
REMOTE_SHADOW_STILL_RUNNING pid=980928 poll=12 utc=16:06:31Z
REMOTE_SHADOW_STILL_RUNNING pid=980928 poll=13 utc=16:07:35Z
REMOTE_SHADOW_STILL_RUNNING pid=980928 poll=14 utc=16:08:38Z
REMOTE_SHADOW_STILL_RUNNING pid=980928 poll=15 utc=16:09:42Z
REMOTE_SHADOW_STILL_RUNNING pid=980928 poll=16 utc=16:10:46Z
REMOTE_SHADOW_STILL_RUNNING pid=980928 poll=17 utc=16:11:49Z
REMOTE_SHADOW_STILL_RUNNING pid=980928 poll=18 utc=16:12:53Z
REMOTE_SHADOW_STILL_RUNNING pid=980928 poll=19 utc=16:13:56Z
REMOTE_SHADOW_STILL_RUNNING pid=980928 poll=20 utc=16:15:02Z
REMOTE_SHADOW_STILL_RUNNING pid=980928 poll=21 utc=16:16:05Z
REMOTE_SHADOW_STILL_RUNNING pid=980928 poll=22 utc=16:17:09Z
REMOTE_SHADOW_STILL_RUNNING pid=980928 poll=23 utc=16:18:13Z
REMOTE_SHADOW_STILL_RUNNING pid=980928 poll=24 utc=16:19:16Z
REMOTE_SHADOW_STILL_RUNNING pid=980928 poll=25 utc=16:20:20Z
REMOTE_SHADOW_STILL_RUNNING pid=980928 poll=26 utc=16:21:23Z
REMOTE_SHADOW_STILL_RUNNING pid=980928 poll=27 utc=16:22:27Z
REMOTE_SHADOW_STILL_RUNNING pid=980928 poll=28 utc=16:23:30Z
REMOTE_SHADOW_PROCESS_EXITED pid=980928 poll=29 utc=16:24:34Z
PULLED_FINAL_AGGREGATE 2026-05-18T16:24:40Z xuan_research_artifacts/xuan_b27_dplus_passive_passive_shadow_runner_driver_20260518T155346Z/remote/output/aggregate_report.json
