preflight_started_utc=2026-05-23T01:15:39Z
host=ip-172-31-37-43
user=ubuntu
python3=/usr/bin/python3
disk_root
Filesystem      Size  Used Avail Use% Mounted on
/dev/root       145G   70G   75G  49% /
inode_root
Filesystem     Inodes IUsed IFree IUse% Mounted on
/dev/root         18M  182K   18M    1% /
active_xuan_research_runners
none
shared_ingress_inputs
/srv/pm_as_ofi/shared-ingress-main/broker_manifest.json type=regular file size=765 mode=644 mtime=1779498939
/srv/pm_as_ofi/shared-ingress-main/market.sock type=socket size=0 mode=755 mtime=1779421917
/srv/pm_as_ofi/shared-ingress-main/chainlink.sock type=socket size=0 mode=755 mtime=1779421917
/srv/pm_as_ofi/shared-ingress-main/local_price.sock type=socket size=0 mode=755 mtime=1779421917
broker_manifest_freshness
mtime_age_s=0.373
pid=203871
market_socket=/srv/pm_as_ofi/shared-ingress-main/market.sock
chainlink_socket=/srv/pm_as_ofi/shared-ingress-main/chainlink.sock
local_price_socket=/srv/pm_as_ofi/shared-ingress-main/local_price.sock
helper
-rw-r--r-- 1 pmofi pmofi 15078 May 18 17:22 /srv/pm_as_ofi/repo/scripts/resolve_market_ids.py
sudo_pmofi
PREFLIGHT_OK
