RUN_DIR=/srv/pm_as_ofi/xuan_research_runs/xuan_research_dplus_shadow_micro_deficit_review_edge007_20260523T005615Z
RUNNER_PID=255394
startup_check_utc=2026-05-23T01:17:02Z
    PID    PPID     ELAPSED USER     COMMAND
 255394       1       00:10 pmofi    /usr/bin/python3 ./xuan_dplus_passive_passive_shadow_runner.py --repo /srv/pm_as_ofi/repo --shared-ingress-root /srv/pm_as_ofi/shared-ingress-main --prefix btc-updown-5m --round-offsets 0,1,2,3,4,5,6,7,8,9,10,11,12,13,14,15,16,17,18,19,20,21,22,23,24,25 --duration-s 3600 --output-dir output --edge 0.07 --target-qty 5 --max-open-cost 80 --imbalance-qty-cap 1.25 --pairing-only-when-residual --activation-mode opp_seen --activation-window-s 15 --late-repair-only-after-s 90 --event-lite-summary --pair-source-event-lite-summary --source-link-transition-event-lite-summary --source-link-residual-tail-exemplars-event-lite-summary
all_runner_processes
255394 /usr/bin/python3 ./xuan_dplus_passive_passive_shadow_runner.py --repo /srv/pm_as_ofi/repo --shared-ingress-root /srv/pm_as_ofi/shared-ingress-main --prefix btc-updown-5m --round-offsets 0,1,2,3,4,5,6,7,8,9,10,11,12,13,14,15,16,17,18,19,20,21,22,23,24,25 --duration-s 3600 --output-dir output --edge 0.07 --target-qty 5 --max-open-cost 80 --imbalance-qty-cap 1.25 --pairing-only-when-residual --activation-mode opp_seen --activation-window-s 15 --late-repair-only-after-s 90 --event-lite-summary --pair-source-event-lite-summary --source-link-transition-event-lite-summary --source-link-residual-tail-exemplars-event-lite-summary
run_files
/srv/pm_as_ofi/xuan_research_runs/xuan_research_dplus_shadow_micro_deficit_review_edge007_20260523T005615Z/output/btc-updown-5m-1779498900.summary.json size=6350
/srv/pm_as_ofi/xuan_research_runs/xuan_research_dplus_shadow_micro_deficit_review_edge007_20260523T005615Z/output/btc-updown-5m-1779499200.summary.json size=6350
/srv/pm_as_ofi/xuan_research_runs/xuan_research_dplus_shadow_micro_deficit_review_edge007_20260523T005615Z/output/btc-updown-5m-1779499500.summary.json size=6350
/srv/pm_as_ofi/xuan_research_runs/xuan_research_dplus_shadow_micro_deficit_review_edge007_20260523T005615Z/output/btc-updown-5m-1779499800.summary.json size=6350
/srv/pm_as_ofi/xuan_research_runs/xuan_research_dplus_shadow_micro_deficit_review_edge007_20260523T005615Z/output/btc-updown-5m-1779500100.summary.json size=6350
/srv/pm_as_ofi/xuan_research_runs/xuan_research_dplus_shadow_micro_deficit_review_edge007_20260523T005615Z/output/btc-updown-5m-1779500400.summary.json size=6350
/srv/pm_as_ofi/xuan_research_runs/xuan_research_dplus_shadow_micro_deficit_review_edge007_20260523T005615Z/output/btc-updown-5m-1779500700.summary.json size=6350
/srv/pm_as_ofi/xuan_research_runs/xuan_research_dplus_shadow_micro_deficit_review_edge007_20260523T005615Z/output/btc-updown-5m-1779501000.summary.json size=6350
/srv/pm_as_ofi/xuan_research_runs/xuan_research_dplus_shadow_micro_deficit_review_edge007_20260523T005615Z/output/btc-updown-5m-1779501300.summary.json size=6350
/srv/pm_as_ofi/xuan_research_runs/xuan_research_dplus_shadow_micro_deficit_review_edge007_20260523T005615Z/output/btc-updown-5m-1779501600.summary.json size=6350
/srv/pm_as_ofi/xuan_research_runs/xuan_research_dplus_shadow_micro_deficit_review_edge007_20260523T005615Z/output/btc-updown-5m-1779501900.summary.json size=6350
/srv/pm_as_ofi/xuan_research_runs/xuan_research_dplus_shadow_micro_deficit_review_edge007_20260523T005615Z/output/btc-updown-5m-1779502200.summary.json size=6350
/srv/pm_as_ofi/xuan_research_runs/xuan_research_dplus_shadow_micro_deficit_review_edge007_20260523T005615Z/output/btc-updown-5m-1779502500.summary.json size=6350
/srv/pm_as_ofi/xuan_research_runs/xuan_research_dplus_shadow_micro_deficit_review_edge007_20260523T005615Z/output/btc-updown-5m-1779502800.summary.json size=6350
/srv/pm_as_ofi/xuan_research_runs/xuan_research_dplus_shadow_micro_deficit_review_edge007_20260523T005615Z/output/btc-updown-5m-1779503100.summary.json size=6350
/srv/pm_as_ofi/xuan_research_runs/xuan_research_dplus_shadow_micro_deficit_review_edge007_20260523T005615Z/output/btc-updown-5m-1779503400.summary.json size=6350
/srv/pm_as_ofi/xuan_research_runs/xuan_research_dplus_shadow_micro_deficit_review_edge007_20260523T005615Z/output/btc-updown-5m-1779503700.summary.json size=6350
/srv/pm_as_ofi/xuan_research_runs/xuan_research_dplus_shadow_micro_deficit_review_edge007_20260523T005615Z/output/btc-updown-5m-1779504000.summary.json size=6350
/srv/pm_as_ofi/xuan_research_runs/xuan_research_dplus_shadow_micro_deficit_review_edge007_20260523T005615Z/output/btc-updown-5m-1779504300.summary.json size=6350
/srv/pm_as_ofi/xuan_research_runs/xuan_research_dplus_shadow_micro_deficit_review_edge007_20260523T005615Z/output/btc-updown-5m-1779504600.summary.json size=6350
/srv/pm_as_ofi/xuan_research_runs/xuan_research_dplus_shadow_micro_deficit_review_edge007_20260523T005615Z/output/btc-updown-5m-1779504900.summary.json size=6350
/srv/pm_as_ofi/xuan_research_runs/xuan_research_dplus_shadow_micro_deficit_review_edge007_20260523T005615Z/output/btc-updown-5m-1779505200.summary.json size=6350
/srv/pm_as_ofi/xuan_research_runs/xuan_research_dplus_shadow_micro_deficit_review_edge007_20260523T005615Z/output/btc-updown-5m-1779505500.summary.json size=6350
/srv/pm_as_ofi/xuan_research_runs/xuan_research_dplus_shadow_micro_deficit_review_edge007_20260523T005615Z/output/btc-updown-5m-1779505800.summary.json size=6350
/srv/pm_as_ofi/xuan_research_runs/xuan_research_dplus_shadow_micro_deficit_review_edge007_20260523T005615Z/output/btc-updown-5m-1779506100.summary.json size=6350
/srv/pm_as_ofi/xuan_research_runs/xuan_research_dplus_shadow_micro_deficit_review_edge007_20260523T005615Z/output/btc-updown-5m-1779506400.summary.json size=6350
/srv/pm_as_ofi/xuan_research_runs/xuan_research_dplus_shadow_micro_deficit_review_edge007_20260523T005615Z/output/manifest.json size=12150
/srv/pm_as_ofi/xuan_research_runs/xuan_research_dplus_shadow_micro_deficit_review_edge007_20260523T005615Z/runner.pid size=7
/srv/pm_as_ofi/xuan_research_runs/xuan_research_dplus_shadow_micro_deficit_review_edge007_20260523T005615Z/stderr.log size=0
/srv/pm_as_ofi/xuan_research_runs/xuan_research_dplus_shadow_micro_deficit_review_edge007_20260523T005615Z/stdout.log size=0
/srv/pm_as_ofi/xuan_research_runs/xuan_research_dplus_shadow_micro_deficit_review_edge007_20260523T005615Z/xuan_dplus_passive_passive_shadow_runner.py size=104219
stdout_size=0
stderr_size=0
STARTUP_OK
