{
  "blocked": {
    "cooldown": 165,
    "l1_pair_ask_gt_cap": 174,
    "offset": 2500,
    "pairing_only_when_residual": 4,
    "qty_zero": 8,
    "target": 627
  },
  "kind": "aggregate_report",
  "metrics": {
    "cancelled_orders": 5.0,
    "candidates": 23.0,
    "completion_cost": 0.0,
    "completion_per_fill": 0.5555555555555556,
    "fill_rate": 0.782608695652174,
    "fill_wait_p50_ms": 108317.0,
    "fill_wait_p90_ms": 194459.0,
    "fill_wait_proxy_p50_ms": 18308.0,
    "fill_wait_proxy_p90_ms": 51573.0,
    "filled_cost": 15.499675,
    "filled_qty": 32.0675,
    "material_residual_lots": 0.0,
    "net_pair_cost_proxy_p50": 0.96,
    "net_pair_cost_proxy_p90": 0.96,
    "pair_actions": 10.0,
    "pair_cost_proxy_p50": 0.96,
    "pair_cost_proxy_p90": 0.96,
    "pair_pnl": 0.719825,
    "pair_qty": 11.2425,
    "pair_wait_p50_ms": 113382.0,
    "pair_wait_p90_ms": 133726.0,
    "pair_wait_proxy_p50_ms": 31653.0,
    "pair_wait_proxy_p90_ms": 69567.0,
    "qty_pair_share_of_filled": 0.7011772043346067,
    "queue_supported_fills": 18.0,
    "residual_cost": 4.977,
    "residual_qty": 9.5825,
    "roi_on_filled_cost": 0.046441296349762164,
    "roi_on_seed_cost": 0.03878602555381185,
    "salvage_actions": 0.0,
    "seed_cost": 18.558875,
    "seed_qty": 39.8575,
    "taker_fee": 0.0,
    "touch_only_orders": 5.0
  },
  "script": "xuan_dplus_passive_passive_shadow_runner.py",
  "slugs": 12,
  "top_residual_lots": [
    {
      "age_ms": 978464,
      "cost": 1.22,
      "lot_id": 1,
      "px": 0.61,
      "qty": 2.0,
      "side": "NO",
      "slug": "btc-updown-5m-1779105600",
      "source_order_id": 1
    },
    {
      "age_ms": 1536194,
      "cost": 1.12,
      "lot_id": 3,
      "px": 0.5599999999999999,
      "qty": 2.0,
      "side": "YES",
      "slug": "btc-updown-5m-1779105000",
      "source_order_id": 4
    },
    {
      "age_ms": 1192397,
      "cost": 1.0995,
      "lot_id": 9,
      "px": 0.6,
      "qty": 1.8325,
      "side": "NO",
      "slug": "btc-updown-5m-1779105300",
      "source_order_id": 9
    },
    {
      "age_ms": 371072,
      "cost": 0.525,
      "lot_id": 3,
      "px": 0.42,
      "qty": 1.25,
      "side": "YES",
      "slug": "btc-updown-5m-1779106200",
      "source_order_id": 4
    },
    {
      "age_ms": 125353,
      "cost": 0.525,
      "lot_id": 1,
      "px": 0.42,
      "qty": 1.25,
      "side": "YES",
      "slug": "btc-updown-5m-1779106500",
      "source_order_id": 2
    },
    {
      "age_ms": 709430,
      "cost": 0.4875,
      "lot_id": 1,
      "px": 0.39,
      "qty": 1.25,
      "side": "NO",
      "slug": "btc-updown-5m-1779105900",
      "source_order_id": 2
    }
  ]
}
